10/3/2020 2:34:12 PM	This log contains information about the import schema operation into project 'DnD_5e_Char_Sheet_Gen_DB' on computer 'LAPTOP-IJ2FN7CG' by user 'chris'.
10/3/2020 2:34:12 PM	Import of database schema has started.
10/3/2020 2:34:16 PM	Gathering database credentials
10/3/2020 2:34:16 PM	Gathering database options
10/3/2020 2:34:16 PM	Gathering users
10/3/2020 2:34:16 PM	Gathering roles
10/3/2020 2:34:16 PM	Gathering application roles
10/3/2020 2:34:16 PM	Gathering role memberships
10/3/2020 2:34:16 PM	Gathering filegroups
10/3/2020 2:34:16 PM	Gathering full-text catalogs
10/3/2020 2:34:16 PM	Gathering assemblies
10/3/2020 2:34:16 PM	Gathering certificates
10/3/2020 2:34:16 PM	Gathering asymmetric keys
10/3/2020 2:34:16 PM	Gathering symmetric keys
10/3/2020 2:34:16 PM	Gathering encrypted symmetric keys
10/3/2020 2:34:16 PM	Gathering schemas
10/3/2020 2:34:16 PM	Gathering XML schema collections
10/3/2020 2:34:16 PM	Gathering user-defined data types
10/3/2020 2:34:16 PM	Gathering user-defined types
10/3/2020 2:34:16 PM	Gathering table types
10/3/2020 2:34:16 PM	Gathering unique keys for table types
10/3/2020 2:34:16 PM	Gathering primary keys for table types
10/3/2020 2:34:16 PM	Gathering indexes for table types
10/3/2020 2:34:16 PM	Gathering check constraints for table types
10/3/2020 2:34:16 PM	Gathering default constraints for table types
10/3/2020 2:34:16 PM	Gathering partition functions
10/3/2020 2:34:16 PM	Gathering partition schemes
10/3/2020 2:34:16 PM	Gathering functions
10/3/2020 2:34:16 PM	Gathering encrypted functions
10/3/2020 2:34:16 PM	Gathering aggregates
10/3/2020 2:34:16 PM	Gathering procedures
10/3/2020 2:34:16 PM	Gathering encrypted procedures
10/3/2020 2:34:16 PM	Gathering tables
10/3/2020 2:34:16 PM	Gathering primary keys
10/3/2020 2:34:16 PM	Gathering unique constraints
10/3/2020 2:34:16 PM	Gathering foreign keys
10/3/2020 2:34:16 PM	Gathering default constraints
10/3/2020 2:34:16 PM	Gathering check constraints
10/3/2020 2:34:16 PM	Gathering views
10/3/2020 2:34:16 PM	Gathering encrypted views
10/3/2020 2:34:16 PM	Gathering indexes
10/3/2020 2:34:16 PM	Gathering statistics
10/3/2020 2:34:16 PM	Gathering full-text index stoplists
10/3/2020 2:34:16 PM	Gathering search property lists
10/3/2020 2:34:16 PM	Gathering search properties
10/3/2020 2:34:16 PM	Gathering full-text indexes
10/3/2020 2:34:16 PM	Gathering column store indexes
10/3/2020 2:34:16 PM	Gathering spatial indexes
10/3/2020 2:34:16 PM	Gathering XML indexes
10/3/2020 2:34:16 PM	Gathering Selective XML indexes
10/3/2020 2:34:16 PM	Gathering encrypted triggers
10/3/2020 2:34:16 PM	Gathering triggers
10/3/2020 2:34:16 PM	Gathering encrypted and clr ddl triggers
10/3/2020 2:34:16 PM	Gathering ddl triggers
10/3/2020 2:34:16 PM	Gathering synonyms
10/3/2020 2:34:16 PM	Gathering defaults
10/3/2020 2:34:16 PM	Gathering data constraint uddt bindings
10/3/2020 2:34:16 PM	Gathering rules
10/3/2020 2:34:16 PM	Gathering data constraint uddt bindings
10/3/2020 2:34:16 PM	Gathering message types
10/3/2020 2:34:16 PM	Gathering queues
10/3/2020 2:34:16 PM	Gathering contracts
10/3/2020 2:34:16 PM	Gathering services
10/3/2020 2:34:16 PM	Gathering event notifications
10/3/2020 2:34:16 PM	Gathering remote service bindings
10/3/2020 2:34:16 PM	Gathering broker priorities
10/3/2020 2:34:16 PM	Gathering signatures
10/3/2020 2:34:16 PM	Gathering data compression options
10/3/2020 2:34:16 PM	Gathering sequence types
10/3/2020 2:34:16 PM	Gathering security policies
10/3/2020 2:34:16 PM	Gather column encryption keys
10/3/2020 2:34:16 PM	Gathering column master keys
10/3/2020 2:34:16 PM	Gathering external data sources
10/3/2020 2:34:16 PM	Gathering external file formats
10/3/2020 2:34:16 PM	Gathering external tables
10/3/2020 2:34:16 PM	Gathering extended properties
10/3/2020 2:34:17 PM	Scanning project for duplicate elements
10/3/2020 2:34:18 PM	Finished duplicate element processing
10/3/2020 2:34:18 PM	Finished importing database.
10/3/2020 2:34:18 PM	A summary of the import was saved to the following location: C:\Users\chris\Documents\GitHub\DnD_5e_Char_Sheet_Gen_DB\DnD_5e_Char_Sheet_Gen_DB\Import Schema Logs\DnD_5e_Char_Sheet_Ge_20201003073412.log
10/3/2020 2:34:18 PM	Click Finish to continue...
